<?xml version="1.0" encoding="utf-8" standalone="no"?>
<!--This file represents the results of running a test suite-->
<test-results name="C:\Users\tr1g3720\Documents\Visual Studio 2013\Projects\TrainsCsNG\NunitTestsTrains\bin\Debug\TrainsCsNG.exe" total="0" errors="0" failures="0" not-run="0" inconclusive="0" ignored="0" skipped="0" invalid="0" date="2015-08-17" time="20:41:31">
  <environment nunit-version="2.6.4.14350" clr-version="2.0.50727.5485" os-version="Microsoft Windows NT 6.1.7601 Service Pack 1" platform="Win32NT" cwd="C:\Program Files (x86)\NUnit 2.6.4\bin" machine-name="MD1B9ERC" user="tr1g3720" user-domain="WW300" />
  <culture-info current-culture="en-GB" current-uiculture="en-US" />
  <test-suite type="Assembly" name="C:\Users\tr1g3720\Documents\Visual Studio 2013\Projects\TrainsCsNG\NunitTestsTrains\bin\Debug\TrainsCsNG.exe" executed="True" result="Inconclusive" success="False" time="0.022" asserts="0" />
</test-results>